0 info it worked if it ends with ok
1 verbose cli [ 'F:\\node\\node.exe',
1 verbose cli   'F:\\node\\node_modules\\npm\\bin\\npm-cli.js',
1 verbose cli   'start' ]
2 info using npm@3.10.10
3 info using node@v6.10.0
4 verbose run-script [ 'prestart', 'start', 'poststart' ]
5 info lifecycle app@0.0.0~prestart: app@0.0.0
6 silly lifecycle app@0.0.0~prestart: no script for prestart, continuing
7 info lifecycle app@0.0.0~start: app@0.0.0
8 verbose lifecycle app@0.0.0~start: unsafe-perm in lifecycle true
9 verbose lifecycle app@0.0.0~start: PATH: F:\node\node_modules\npm\bin\node-gyp-bin;F:\项目\实训2项目\myapp\node_modules\.bin;C:\Windows\system32;C:\Windows;C:\Windows\System32\Wbem;C:\Windows\System32\WindowsPowerShell\v1.0\;D:\Git\cmd;D:\Git\mingw32\bin;D:\Git\usr\bin;F:\node\;F:\SVN\bin;C:\Program Files (x86)\MySQL\MySQL Server 5.0\bin;C:\Users\Administrator\AppData\Roaming\npm
10 verbose lifecycle app@0.0.0~start: CWD: F:\项目\实训2项目\myapp
11 silly lifecycle app@0.0.0~start: Args: [ '/d /s /c', 'node ./bin/www' ]
12 silly lifecycle app@0.0.0~start: Returned: code: 3221225786  signal: null
13 info lifecycle app@0.0.0~start: Failed to exec start script
14 verbose stack Error: app@0.0.0 start: `node ./bin/www`
14 verbose stack Exit status 3221225786
14 verbose stack     at EventEmitter.<anonymous> (F:\node\node_modules\npm\lib\utils\lifecycle.js:255:16)
14 verbose stack     at emitTwo (events.js:106:13)
14 verbose stack     at EventEmitter.emit (events.js:191:7)
14 verbose stack     at ChildProcess.<anonymous> (F:\node\node_modules\npm\lib\utils\spawn.js:40:14)
14 verbose stack     at emitTwo (events.js:106:13)
14 verbose stack     at ChildProcess.emit (events.js:191:7)
14 verbose stack     at maybeClose (internal/child_process.js:877:16)
14 verbose stack     at Process.ChildProcess._handle.onexit (internal/child_process.js:226:5)
15 verbose pkgid app@0.0.0
16 verbose cwd F:\项目\实训2项目\myapp
17 error Windows_NT 6.1.7601
18 error argv "F:\\node\\node.exe" "F:\\node\\node_modules\\npm\\bin\\npm-cli.js" "start"
19 error node v6.10.0
20 error npm  v3.10.10
21 error code ELIFECYCLE
22 error app@0.0.0 start: `node ./bin/www`
22 error Exit status 3221225786
23 error Failed at the app@0.0.0 start script 'node ./bin/www'.
23 error Make sure you have the latest version of node.js and npm installed.
23 error If you do, this is most likely a problem with the app package,
23 error not with npm itself.
23 error Tell the author that this fails on your system:
23 error     node ./bin/www
23 error You can get information on how to open an issue for this project with:
23 error     npm bugs app
23 error Or if that isn't available, you can get their info via:
23 error     npm owner ls app
23 error There is likely additional logging output above.
24 verbose exit [ 1, true ]
